
============================================================
2026-04-14 05:36:37 | Session started
============================================================
2026-04-14 05:36:37 | INFO    | 🔎 开始搜索: 我需要为一个新会话执行项目启动初始化，了解这个仓库的项目概览、Trellis 工作流、开发规范、目录结构，以及可能与 `/trellis:start` 或启动命令相关的文件。关键词：Trellis workflow project structure start command AGENTS .trellis
2026-04-14 05:36:37 | INFO    | 📂 开始索引项目: /Users/ghjk/Documents/EA
2026-04-14 05:36:37 | INFO    | 🔍 正在扫描文件...
2026-04-14 05:36:37 | INFO    | 📄 扫描完成，共发现 70 个文件块
2026-04-14 05:36:37 | INFO    | 📊 增量索引: 已有 0 个, 新增 70 个
2026-04-14 05:36:37 | INFO    | 📐 项目规模: 小型 (批次大小: 10, 并发: 1)
2026-04-14 05:36:37 | INFO    | ⬆️ 开始上传 70 个新文件块，共 7 批
2026-04-14 05:36:37 | INFO    | 📤 上传批次 1/7...
2026-04-14 05:36:38 | INFO    | 💾 进度已保存: 10 个文件块
2026-04-14 05:36:38 | INFO    | 📤 上传批次 2/7...
2026-04-14 05:36:39 | INFO    | 💾 进度已保存: 20 个文件块
2026-04-14 05:36:39 | INFO    | 📤 上传批次 3/7...
2026-04-14 05:36:40 | INFO    | 💾 进度已保存: 30 个文件块
2026-04-14 05:36:40 | INFO    | 📤 上传批次 4/7...
2026-04-14 05:36:41 | INFO    | 💾 进度已保存: 40 个文件块
2026-04-14 05:36:41 | INFO    | 📤 上传批次 5/7...
2026-04-14 05:36:41 | INFO    | 💾 进度已保存: 50 个文件块
2026-04-14 05:36:41 | INFO    | 📤 上传批次 6/7...
2026-04-14 05:36:42 | INFO    | 💾 进度已保存: 60 个文件块
2026-04-14 05:36:42 | INFO    | 📤 上传批次 7/7...
2026-04-14 05:36:43 | INFO    | 💾 进度已保存: 70 个文件块
2026-04-14 05:36:43 | INFO    | ✅ 索引完成: 共 70 个文件块
2026-04-14 05:36:43 | INFO    | 🔍 正在搜索 70 个文件块...
2026-04-14 05:36:46 | INFO    | ✅ 搜索完成

============================================================
2026-04-14 05:40:41 | Session started
============================================================
2026-04-14 05:40:41 | INFO    | 🔎 开始搜索: 我要在这个仓库里编写一个新的 MQL5 EA。请详细定位并总结：1）现有 .mq5/.mqh 文件中 EA 的基本结构（OnInit、OnTick、输入参数、下单逻辑）；2）是否已有可复用的交易辅助、仓位管理、指标封装、风控函数；3）哪些文件最适合作为新 EA 的风格参考。关键词：MQL5 Expert Advisor OnTick CTrade order risk management include helper trade.mqh
2026-04-14 05:40:41 | INFO    | 📂 开始索引项目: /Users/ghjk/Documents/EA
2026-04-14 05:40:41 | INFO    | 🔍 正在扫描文件...
2026-04-14 05:40:41 | INFO    | 📄 扫描完成，共发现 70 个文件块
2026-04-14 05:40:41 | INFO    | 📊 增量索引: 已有 70 个, 新增 0 个
2026-04-14 05:40:41 | INFO    | ✅ 无需上传新文件，使用缓存索引
2026-04-14 05:40:41 | INFO    | ✅ 索引完成: 共 70 个文件块
2026-04-14 05:40:41 | INFO    | 🔍 正在搜索 70 个文件块...
2026-04-14 05:40:45 | INFO    | ✅ 搜索完成

============================================================
2026-04-14 05:49:15 | Session started
============================================================
2026-04-14 05:49:15 | INFO    | 🔎 开始搜索: 我要优化根目录文件 WyckoffWaveM5EA.mq5。请详细分析与总结这个文件中的所有关键符号和工作流，尤其是：OnInit、OnTick、BuildBullishSignal、BuildBearishSignal、FindBullishWave、FindBearishWave、FindSpring、FindUpthrust、OpenTrade、ManageOpenPositions、仓位计算、过滤条件、持仓计数、参数区。我要准备新增和修改：交易时段过滤、日内亏损熔断、每日最大交易次数、开仓冷却时间、更高时间框架趋势过滤。请指出这些改动会影响哪些现有函数、状态变量、输入参数和数据流。
2026-04-14 05:49:15 | INFO    | 📂 开始索引项目: /Users/ghjk/Documents/EA
2026-04-14 05:49:15 | INFO    | 🔍 正在扫描文件...
2026-04-14 05:49:15 | INFO    | 📄 扫描完成，共发现 70 个文件块
2026-04-14 05:49:15 | INFO    | 📊 增量索引: 已有 70 个, 新增 0 个
2026-04-14 05:49:15 | INFO    | ✅ 无需上传新文件，使用缓存索引
2026-04-14 05:49:15 | INFO    | ✅ 索引完成: 共 70 个文件块
2026-04-14 05:49:15 | INFO    | 🔍 正在搜索 70 个文件块...
2026-04-14 05:49:19 | INFO    | ✅ 搜索完成

============================================================
2026-04-14 06:01:30 | Session started
============================================================
2026-04-14 06:01:30 | INFO    | 🔎 开始搜索: 我要编辑文件 WyckoffWaveM5EA.mq5，只做参数注释增强。请详细总结这个文件里 input 参数区的结构、所有 input 声明所在位置、相关分组、以及哪些行会受影响。重点关注开头的 input group 和所有 input 变量声明，要求后续为每个参数补充中文注释，但不改变交易逻辑。
2026-04-14 06:01:30 | INFO    | 📂 开始索引项目: /Users/ghjk/Documents/EA
2026-04-14 06:01:30 | INFO    | 🔍 正在扫描文件...
2026-04-14 06:01:30 | INFO    | 📄 扫描完成，共发现 71 个文件块
2026-04-14 06:01:30 | INFO    | 📊 增量索引: 已有 70 个, 新增 1 个
2026-04-14 06:01:30 | INFO    | 📐 项目规模: 小型 (批次大小: 10, 并发: 1)
2026-04-14 06:01:30 | INFO    | ⬆️ 开始上传 1 个新文件块，共 1 批
2026-04-14 06:01:30 | INFO    | 📤 上传批次 1/1...
2026-04-14 06:01:38 | INFO    | 💾 进度已保存: 71 个文件块
2026-04-14 06:01:38 | INFO    | ✅ 索引完成: 共 71 个文件块
2026-04-14 06:01:38 | INFO    | 🔍 正在搜索 71 个文件块...
2026-04-14 06:01:41 | INFO    | ✅ 搜索完成

============================================================
2026-04-14 06:43:04 | Session started
============================================================
2026-04-14 06:43:04 | INFO    | 🔎 开始搜索: 我要修改 WyckoffWaveM5EA.mq5，把单一的 Wave5 逻辑升级为多结构 EA。请详细分析这个文件中与信号选择、结构识别、开仓执行直接相关的所有符号和数据流：SignalDirection、WaveSetup、OnTick、BuildBullishSignal、BuildBearishSignal、FindBullishWave、FindBearishWave、FindSpring、FindUpthrust、OpenTrade、CanOpenNewTrade、当前 EMA/ATR 过滤。我要新增的能力包括：EntryMode 枚举、AUTO 模式、Wave3 结构识别、Range Spring/Upthrust 结构识别、统一信号选择函数。请指出最适合插入新逻辑的位置，以及哪些现有函数可以复用、哪些函数需要拆分或改名。
2026-04-14 06:43:04 | INFO    | 📂 开始索引项目: /Users/ghjk/Documents/EA
2026-04-14 06:43:04 | INFO    | 🔍 正在扫描文件...
2026-04-14 06:43:04 | INFO    | 📄 扫描完成，共发现 71 个文件块
2026-04-14 06:43:04 | INFO    | 📊 增量索引: 已有 71 个, 新增 0 个
2026-04-14 06:43:04 | INFO    | ✅ 无需上传新文件，使用缓存索引
2026-04-14 06:43:04 | INFO    | ✅ 索引完成: 共 71 个文件块
2026-04-14 06:43:04 | INFO    | 🔍 正在搜索 71 个文件块...
2026-04-14 06:43:08 | INFO    | ✅ 搜索完成

============================================================
2026-04-14 06:51:33 | Session started
============================================================
2026-04-14 06:51:33 | INFO    | 🔎 开始搜索: 我要修改 WyckoffWaveM5EA.mq5 的默认 input 参数值，调整为 AUTO 稳健版。请定位参数定义区，尤其是 EntryMode、UseSessionFilter、UseHTFFilter、HTFTimeframe、MinATRPoints、TrendGapATR、RangeGapATR、RangeBreakoutATR、Wave3MinStructureATR、Wave3MinRatio、BreakoutBufferATR、MinBarsBetweenEntries、MaxTradesPerDay、RiskPercent、RewardRisk、TrailATRMultiplier 这些 input 的位置，确保本次修改只影响默认值和参数注释区域，不改变交易逻辑。
2026-04-14 06:51:33 | INFO    | 📂 开始索引项目: /Users/ghjk/Documents/EA
2026-04-14 06:51:33 | INFO    | 🔍 正在扫描文件...
2026-04-14 06:51:34 | INFO    | 📄 扫描完成，共发现 71 个文件块
2026-04-14 06:51:34 | INFO    | 📊 增量索引: 已有 71 个, 新增 0 个
2026-04-14 06:51:34 | INFO    | ✅ 无需上传新文件，使用缓存索引
2026-04-14 06:51:34 | INFO    | ✅ 索引完成: 共 71 个文件块
2026-04-14 06:51:34 | INFO    | 🔍 正在搜索 71 个文件块...
2026-04-14 06:51:36 | INFO    | ✅ 搜索完成

============================================================
2026-04-14 06:54:09 | Session started
============================================================
2026-04-14 06:54:09 | INFO    | 🔎 开始搜索: 我要为根目录中的 WyckoffWaveM5EA.mq5 增加一份中文参数说明文档。请帮我定位仓库里现有的说明文档模式、README、markdown 文件，以及最适合放置这类 EA 参数说明的地方。关键词：README markdown documentation EA 参数说明 mq5 remak md root docs
2026-04-14 06:54:09 | INFO    | 📂 开始索引项目: /Users/ghjk/Documents/EA
2026-04-14 06:54:09 | INFO    | 🔍 正在扫描文件...
2026-04-14 06:54:09 | INFO    | 📄 扫描完成，共发现 71 个文件块
2026-04-14 06:54:09 | INFO    | 📊 增量索引: 已有 71 个, 新增 0 个
2026-04-14 06:54:09 | INFO    | ✅ 无需上传新文件，使用缓存索引
2026-04-14 06:54:09 | INFO    | ✅ 索引完成: 共 71 个文件块
2026-04-14 06:54:09 | INFO    | 🔍 正在搜索 71 个文件块...
2026-04-14 06:54:13 | INFO    | ✅ 搜索完成
